<?xml version="1.0" encoding="UTF-8"?>
<!-- Generated by org.testng.reporters.JUnitReportReporter -->
<testsuite skipped="0" hostname="ESDD-55679" name="com.sri.sample.NewTest" tests="2" failures="0" timestamp="29 May 2018 23:28:43 GMT" time="0.005" errors="0">
  <testcase name="f" time="0.004" classname="com.sri.sample.NewTest"/>
  <testcase name="f" time="0.001" classname="com.sri.sample.NewTest"/>
</testsuite> <!-- com.sri.sample.NewTest -->
