<?xml version="1.0" encoding="UTF-8"?>
<!-- Generated by org.testng.reporters.JUnitReportReporter -->
<testsuite skipped="0" hostname="ESDD-55679" name="com.sri.sample.Test2" tests="4" failures="0" timestamp="30 May 2018 23:44:02 GMT" time="44.822" errors="0">
  <testcase name="f3" time="5.177" classname="com.sri.sample.Test2"/>
  <testcase name="f3" time="19.457" classname="com.sri.sample.Test2"/>
  <testcase name="f2" time="17.433" classname="com.sri.sample.Test2"/>
  <testcase name="f2" time="2.755" classname="com.sri.sample.Test2"/>
</testsuite> <!-- com.sri.sample.Test2 -->
