<?xml version="1.0" encoding="UTF-8"?>
<!-- Generated by org.testng.reporters.JUnitReportReporter -->
<testsuite skipped="0" hostname="ESDD-55679" name="com.sri.sample.Test2" tests="4" failures="0" timestamp="30 May 2018 23:14:23 GMT" time="38.145" errors="0">
  <testcase name="f3" time="3.840" classname="com.sri.sample.Test2"/>
  <testcase name="f3" time="15.596" classname="com.sri.sample.Test2"/>
  <testcase name="f2" time="15.814" classname="com.sri.sample.Test2"/>
  <testcase name="f2" time="2.895" classname="com.sri.sample.Test2"/>
</testsuite> <!-- com.sri.sample.Test2 -->
